# JRE version: OpenJDK Runtime Environment Temurin-19.0.2+7 (19.0.2+7) (build 19.0.2+7)
# Java VM: OpenJDK Client VM Temurin-19.0.2+7 (19.0.2+7, mixed mode, emulated-client, serial gc, windows-x86)
GC Precious Log:
 CardTable entry size: 512
 CPUs: 8 total, 8 available
 Memory: 15984M
 Large Page Support: Disabled
 NUMA Support: Disabled
 Compressed Oops: Disabled
 Heap Min Capacity: 6M
 Heap Initial Capacity: 16M
 Heap Max Capacity: 256M
 Pre-touch: Disabled
Heap:
 def new generation   total 5952K, used 2558K [0x04e00000, 0x05470000, 0x0a350000)
  eden space 5312K,  48% used [0x04e00000, 0x0507f9e0, 0x05330000)
  from space 640K,   0% used [0x05330000, 0x05330000, 0x053d0000)
  to   space 640K,   0% used [0x053d0000, 0x053d0000, 0x05470000)
 tenured generation   total 20708K, used 15452K [0x0a350000, 0x0b789000, 0x14e00000)
   the space 20708K,  74% used [0x0a350000, 0x0b2672a0, 0x0b267400, 0x0b789000)
 Metaspace       used 17088K, committed 17280K, reserved 24576K
GC Heap History (12 events):
Event: 0.294 GC heap before
{Heap before GC invocations=0 (full 0):
 def new generation   total 4928K, used 4415K [0x04e00000, 0x05350000, 0x0a350000)
  eden space 4416K,  99% used [0x04e00000, 0x0524fed8, 0x05250000)
  from space 512K,   0% used [0x05250000, 0x05250000, 0x052d0000)
  to   space 512K,   0% used [0x052d0000, 0x052d0000, 0x05350000)
 tenured generation   total 10944K, used 0K [0x0a350000, 0x0ae00000, 0x14e00000)
   the space 10944K,   0% used [0x0a350000, 0x0a350000, 0x0a350200, 0x0ae00000)
 Metaspace       used 8272K, committed 8448K, reserved 16384K
}
Event: 0.298 GC heap after
{Heap after GC invocations=1 (full 0):
 def new generation   total 4928K, used 512K [0x04e00000, 0x05350000, 0x0a350000)
  eden space 4416K,   0% used [0x04e00000, 0x04e00000, 0x05250000)
  from space 512K, 100% used [0x052d0000, 0x05350000, 0x05350000)
  to   space 512K,   0% used [0x05250000, 0x05250000, 0x052d0000)
 tenured generation   total 10944K, used 1042K [0x0a350000, 0x0ae00000, 0x14e00000)
   the space 10944K,   9% used [0x0a350000, 0x0a454868, 0x0a454a00, 0x0ae00000)
 Metaspace       used 8272K, committed 8448K, reserved 16384K
}
Event: 0.774 GC heap before
{Heap before GC invocations=1 (full 0):
 def new generation   total 4928K, used 4928K [0x04e00000, 0x05350000, 0x0a350000)
  eden space 4416K, 100% used [0x04e00000, 0x05250000, 0x05250000)
  from space 512K, 100% used [0x052d0000, 0x05350000, 0x05350000)
  to   space 512K,   0% used [0x05250000, 0x05250000, 0x052d0000)
 tenured generation   total 10944K, used 1042K [0x0a350000, 0x0ae00000, 0x14e00000)
   the space 10944K,   9% used [0x0a350000, 0x0a454868, 0x0a454a00, 0x0ae00000)
 Metaspace       used 12234K, committed 12352K, reserved 16384K
}
Event: 0.779 GC heap after
{Heap after GC invocations=2 (full 0):
 def new generation   total 4928K, used 512K [0x04e00000, 0x05350000, 0x0a350000)
  eden space 4416K,   0% used [0x04e00000, 0x04e00000, 0x05250000)
  from space 512K, 100% used [0x05250000, 0x052d0000, 0x052d0000)
  to   space 512K,   0% used [0x052d0000, 0x052d0000, 0x05350000)
 tenured generation   total 10944K, used 2104K [0x0a350000, 0x0ae00000, 0x14e00000)
   the space 10944K,  19% used [0x0a350000, 0x0a55e1a0, 0x0a55e200, 0x0ae00000)
 Metaspace       used 12234K, committed 12352K, reserved 16384K
}
Event: 1.009 GC heap before
{Heap before GC invocations=2 (full 0):
 def new generation   total 4928K, used 4928K [0x04e00000, 0x05350000, 0x0a350000)
  eden space 4416K, 100% used [0x04e00000, 0x05250000, 0x05250000)
  from space 512K, 100% used [0x05250000, 0x052d0000, 0x052d0000)
  to   space 512K,   0% used [0x052d0000, 0x052d0000, 0x05350000)
 tenured generation   total 10944K, used 2104K [0x0a350000, 0x0ae00000, 0x14e00000)
   the space 10944K,  19% used [0x0a350000, 0x0a55e1a0, 0x0a55e200, 0x0ae00000)
 Metaspace       used 13652K, committed 13824K, reserved 16384K
}
Event: 1.014 GC heap after
{Heap after GC invocations=3 (full 0):
 def new generation   total 4928K, used 512K [0x04e00000, 0x05350000, 0x0a350000)
  eden space 4416K,   0% used [0x04e00000, 0x04e00000, 0x05250000)
  from space 512K, 100% used [0x052d0000, 0x05350000, 0x05350000)
  to   space 512K,   0% used [0x05250000, 0x05250000, 0x052d0000)
 tenured generation   total 10944K, used 3127K [0x0a350000, 0x0ae00000, 0x14e00000)
   the space 10944K,  28% used [0x0a350000, 0x0a65dcc0, 0x0a65de00, 0x0ae00000)
 Metaspace       used 13652K, committed 13824K, reserved 16384K
}
Event: 1.180 GC heap before
{Heap before GC invocations=3 (full 0):
 def new generation   total 4928K, used 4037K [0x04e00000, 0x05350000, 0x0a350000)
  eden space 4416K,  79% used [0x04e00000, 0x05171590, 0x05250000)
  from space 512K, 100% used [0x052d0000, 0x05350000, 0x05350000)
  to   space 512K,   0% used [0x05250000, 0x05250000, 0x052d0000)
 tenured generation   total 10944K, used 3127K [0x0a350000, 0x0ae00000, 0x14e00000)
   the space 10944K,  28% used [0x0a350000, 0x0a65dcc0, 0x0a65de00, 0x0ae00000)
 Metaspace       used 15084K, committed 15232K, reserved 16384K
}
Event: 1.184 GC heap after
{Heap after GC invocations=4 (full 0):
 def new generation   total 4928K, used 512K [0x04e00000, 0x05350000, 0x0a350000)
  eden space 4416K,   0% used [0x04e00000, 0x04e00000, 0x05250000)
  from space 512K, 100% used [0x05250000, 0x052d0000, 0x052d0000)
  to   space 512K,   0% used [0x052d0000, 0x052d0000, 0x05350000)
 tenured generation   total 10944K, used 3773K [0x0a350000, 0x0ae00000, 0x14e00000)
   the space 10944K,  34% used [0x0a350000, 0x0a6ff430, 0x0a6ff600, 0x0ae00000)
 Metaspace       used 15084K, committed 15232K, reserved 16384K
}
Event: 1.261 GC heap before
{Heap before GC invocations=4 (full 0):
 def new generation   total 4928K, used 4603K [0x04e00000, 0x05350000, 0x0a350000)
  eden space 4416K,  92% used [0x04e00000, 0x051fef60, 0x05250000)
  from space 512K, 100% used [0x05250000, 0x052d0000, 0x052d0000)
  to   space 512K,   0% used [0x052d0000, 0x052d0000, 0x05350000)
 tenured generation   total 10944K, used 3773K [0x0a350000, 0x0ae00000, 0x14e00000)
   the space 10944K,  34% used [0x0a350000, 0x0a6ff430, 0x0a6ff600, 0x0ae00000)
 Metaspace       used 15513K, committed 15680K, reserved 16384K
}
Event: 1.265 GC heap after
{Heap after GC invocations=5 (full 0):
 def new generation   total 4928K, used 389K [0x04e00000, 0x05350000, 0x0a350000)
  eden space 4416K,   0% used [0x04e00000, 0x04e00000, 0x05250000)
  from space 512K,  76% used [0x052d0000, 0x053317c0, 0x05350000)
  to   space 512K,   0% used [0x05250000, 0x05250000, 0x052d0000)
 tenured generation   total 10944K, used 7487K [0x0a350000, 0x0ae00000, 0x14e00000)
   the space 10944K,  68% used [0x0a350000, 0x0aa9fed0, 0x0aaa0000, 0x0ae00000)
 Metaspace       used 15513K, committed 15680K, reserved 16384K
}
Event: 1.265 GC heap before
{Heap before GC invocations=5 (full 0):
 def new generation   total 4928K, used 389K [0x04e00000, 0x05350000, 0x0a350000)
  eden space 4416K,   0% used [0x04e00000, 0x04e00000, 0x05250000)
  from space 512K,  76% used [0x052d0000, 0x053317c0, 0x05350000)
  to   space 512K,   0% used [0x05250000, 0x05250000, 0x052d0000)
 tenured generation   total 10944K, used 7487K [0x0a350000, 0x0ae00000, 0x14e00000)
   the space 10944K,  68% used [0x0a350000, 0x0aa9fed0, 0x0aaa0000, 0x0ae00000)
 Metaspace       used 15513K, committed 15680K, reserved 16384K
}
Event: 1.280 GC heap after
{Heap after GC invocations=5 (full 1):
 def new generation   total 5952K, used 0K [0x04e00000, 0x05470000, 0x0a350000)
  eden space 5312K,   0% used [0x04e00000, 0x04e00000, 0x05330000)
  from space 640K,   0% used [0x05330000, 0x05330000, 0x053d0000)
  to   space 640K,   0% used [0x053d0000, 0x053d0000, 0x05470000)
 tenured generation   total 13132K, used 7877K [0x0a350000, 0x0b023000, 0x14e00000)
   the space 13132K,  59% used [0x0a350000, 0x0ab01690, 0x0ab01800, 0x0b023000)
 Metaspace       used 15513K, committed 15680K, reserved 16384K
}

